<?xml version="1.0" encoding="UTF-8"?>
<testng-results skipped="0" failed="0" total="1" passed="1">
  <reporter-output>
  </reporter-output>
  <suite name="com.automationbykrishna.WebTablesTest" duration-ms="35763" started-at="2018-12-05T20:10:52Z" finished-at="2018-12-05T20:11:28Z">
    <groups>
    </groups>
    <test name="Command line test" duration-ms="35763" started-at="2018-12-05T20:10:52Z" finished-at="2018-12-05T20:11:28Z">
      <class name="com.automationbykrishna.WebTablesTest">
        <test-method status="PASS" signature="Example()[pri:0, instance:com.automationbykrishna.WebTablesTest@3796751b]" name="Example" duration-ms="35741" started-at="2018-12-06T01:40:52Z" finished-at="2018-12-06T01:41:28Z">
          <reporter-output>
          </reporter-output>
        </test-method> <!-- Example -->
      </class> <!-- com.automationbykrishna.WebTablesTest -->
    </test> <!-- Command line test -->
  </suite> <!-- com.automationbykrishna.WebTablesTest -->
</testng-results>
